2024-12-06 16:03:14,795 - INFO - Бот успешно запущен и ожидает сообщений.
2024-12-06 16:03:22,817 - INFO - Пользователь 1274648135 начал викторину.
2024-12-06 16:03:23,200 - INFO - Отправлен вопрос 1 пользователю 1274648135.
2024-12-06 16:03:29,597 - INFO - Отправлен вопрос 2 пользователю 1274648135.
2024-12-06 16:04:33,367 - INFO - Бот успешно запущен и ожидает сообщений.
2024-12-06 16:04:37,099 - INFO - Пользователь 1274648135 начал викторину.
2024-12-06 16:04:37,372 - INFO - Отправлен вопрос 1 пользователю 1274648135.
2024-12-06 16:04:38,996 - INFO - Отправлен вопрос 2 пользователю 1274648135.
2024-12-06 16:05:35,930 - INFO - Бот успешно запущен и ожидает сообщений.
2024-12-06 16:05:39,619 - INFO - Пользователь 1274648135 начал викторину.
2024-12-06 16:05:39,842 - INFO - Отправлен вопрос 1 пользователю 1274648135.
2024-12-06 16:05:41,421 - INFO - Отправлен вопрос 2 пользователю 1274648135.
2024-12-06 16:05:42,571 - INFO - Отправлен вопрос 3 пользователю 1274648135.
2024-12-06 16:10:36,516 - INFO - Бот успешно запущен и ожидает сообщений.
2024-12-06 16:10:40,526 - INFO - Пользователь 1274648135 начал викторину.
2024-12-06 16:10:40,782 - INFO - Отправлен вопрос 1 пользователю 1274648135.
2024-12-06 16:10:42,649 - INFO - Отправлен вопрос 2 пользователю 1274648135.
2024-12-06 16:10:44,037 - INFO - Отправлен вопрос 3 пользователю 1274648135.
2024-12-06 16:10:45,680 - INFO - Пользователь 1274648135 остановил викторину на вопросе 2.
2024-12-06 16:11:07,035 - INFO - Пользователь 1274648135 начал викторину.
2024-12-06 16:11:07,260 - INFO - Отправлен вопрос 1 пользователю 1274648135.
2024-12-06 16:11:10,033 - INFO - Отправлен вопрос 2 пользователю 1274648135.
2024-12-06 16:11:14,783 - INFO - Пользователь 1274648135 остановил викторину на вопросе 1.
2024-12-06 16:12:06,539 - INFO - Бот успешно запущен и ожидает сообщений.
2024-12-06 16:12:12,041 - INFO - Пользователь 1274648135 начал викторину.
2024-12-06 16:12:12,312 - INFO - Отправлен вопрос 1 пользователю 1274648135.
2024-12-06 16:12:13,891 - INFO - Отправлен вопрос 2 пользователю 1274648135.
2024-12-06 16:12:15,149 - INFO - Отправлен вопрос 3 пользователю 1274648135.
2024-12-06 16:12:16,725 - INFO - Отправлен вопрос 4 пользователю 1274648135.
2024-12-06 16:12:18,476 - INFO - Отправлен вопрос 5 пользователю 1274648135.
2024-12-06 16:17:29,417 - INFO - Бот успешно запущен и ожидает сообщений.
2024-12-06 16:17:30,925 - INFO - Пользователь 1274648135 остановил викторину
2024-12-06 16:17:37,050 - INFO - Пользователь 1274648135 начал викторину.
2024-12-06 16:17:37,258 - INFO - Отправлен вопрос 1 пользователю 1274648135.
2024-12-06 16:17:39,152 - INFO - Пользователь 1274648135 начал викторину.
2024-12-06 16:17:39,341 - INFO - Отправлен вопрос 1 пользователю 1274648135.
2024-12-06 16:18:00,955 - INFO - Пользователь 1274648135 остановил викторину
2024-12-06 16:18:07,300 - INFO - Бот успешно запущен и ожидает сообщений.
2024-12-06 16:18:11,244 - INFO - Пользователь 1274648135 начал викторину.
2024-12-06 16:18:11,481 - INFO - Отправлен вопрос 1 пользователю 1274648135.
2024-12-06 16:19:33,983 - INFO - Бот успешно запущен и ожидает сообщений.
2024-12-06 16:19:35,489 - INFO - Пользователь 1274648135 остановил викторину
2024-12-06 16:19:40,699 - INFO - Пользователь 1274648135 начал викторину.
2024-12-06 16:19:40,968 - INFO - Отправлен вопрос 1 пользователю 1274648135.
2024-12-06 16:19:43,566 - INFO - Пользователь 1274648135 ответил на вопрос, ответом 'Гулять на природе'
2024-12-06 16:19:43,885 - INFO - Отправлен вопрос 2 пользователю 1274648135.
2024-12-06 16:20:02,052 - INFO - Пользователь 1274648135 остановил викторину
2024-12-06 16:26:32,035 - INFO - Бот успешно запущен и ожидает сообщений.
2024-12-06 16:26:33,674 - INFO - Получено сообщение от пользователя 1274648135: {'message_id': 8003, 'from': {'id': 1274648135, 'is_bot': False, 'first_name': 'Катя', 'language_code': 'ru'}, 'chat': {'id': 1274648135, 'first_name': 'Катя', 'type': 'private'}, 'date': 1733466391, 'text': 'Узнать свое тотемное животное'}
2024-12-06 16:26:36,413 - INFO - Пользователь 1274648135 начал викторину.
2024-12-06 16:26:36,747 - INFO - Отправлен вопрос 1 пользователю 1274648135.
2024-12-06 16:26:41,789 - INFO - Получено сообщение от пользователя 1274648135: {'message_id': 8007, 'from': {'id': 1274648135, 'is_bot': False, 'first_name': 'Катя', 'language_code': 'ru'}, 'chat': {'id': 1274648135, 'first_name': 'Катя', 'type': 'private'}, 'date': 1733466399, 'text': '/start', 'entities': [{'offset': 0, 'length': 6, 'type': 'bot_command'}]}
2024-12-06 16:29:15,678 - INFO - Бот успешно запущен и ожидает сообщений.
2024-12-06 16:29:17,884 - INFO - Получено сообщение от пользователя: {'message_id': 8010, 'from': {'id': 1274648135, 'is_bot': False, 'first_name': 'Катя', 'language_code': 'ru'}, 'chat': {'id': 1274648135, 'first_name': 'Катя', 'type': 'private'}, 'date': 1733466555, 'text': '/start', 'entities': [{'offset': 0, 'length': 6, 'type': 'bot_command'}]}
2024-12-06 16:29:45,679 - INFO - Бот успешно запущен и ожидает сообщений.
2024-12-06 16:29:48,364 - INFO - Получено сообщение от пользователя
2024-12-06 16:29:53,438 - INFO - Получено сообщение от пользователя
2024-12-06 16:29:55,051 - INFO - Пользователь 1274648135 начал викторину.
2024-12-06 16:29:55,368 - INFO - Отправлен вопрос 1 пользователю 1274648135.
2024-12-06 16:30:28,926 - INFO - Бот успешно запущен и ожидает сообщений.
2024-12-06 16:30:39,118 - INFO - Пользователь 1274648135 начал викторину.
2024-12-06 16:30:39,310 - INFO - Отправлен вопрос 1 пользователю 1274648135.
2024-12-06 16:30:45,337 - INFO - Пользователь 1274648135 ответил на вопрос, ответом 'Общаться с друзьями'
2024-12-06 16:30:45,639 - INFO - Отправлен вопрос 2 пользователю 1274648135.
2024-12-06 16:30:47,008 - INFO - Пользователь 1274648135 ответил на вопрос, ответом 'Исследование нового'
2024-12-06 16:30:47,283 - INFO - Отправлен вопрос 3 пользователю 1274648135.
2024-12-06 16:30:49,161 - INFO - Пользователь 1274648135 ответил на вопрос, ответом 'Уютный дом в городе'
2024-12-06 16:30:49,577 - INFO - Отправлен вопрос 4 пользователю 1274648135.
2024-12-06 16:30:51,723 - INFO - Пользователь 1274648135 остановил викторину
2024-12-06 16:30:56,166 - INFO - Пользователь 1274648135 запросил программу опеки.
2024-12-06 16:31:07,939 - INFO - Пользователь 1274648135 запросил программу опеки.
2024-12-06 16:31:14,824 - INFO - Пользователь 1274648135 начал викторину.
2024-12-06 16:31:15,041 - INFO - Отправлен вопрос 1 пользователю 1274648135.
2024-12-06 16:31:17,355 - INFO - Пользователь 1274648135 остановил викторину
2024-12-06 16:31:21,160 - INFO - Пользователь 1274648135 начал оставлять отзыв.
2024-12-06 16:31:26,648 - INFO - Пользователь 1274648135 отменил оставление отзыва.
2024-12-06 16:31:29,985 - INFO - Пользователь 1274648135 начал оставлять отзыв.
2024-12-06 16:31:36,542 - INFO - Сохранен отзыв от пользователя 1274648135: Привет
2024-12-06 16:31:58,779 - INFO - Пользователь 1274648135 начал викторину.
2024-12-06 16:31:59,080 - INFO - Отправлен вопрос 1 пользователю 1274648135.
2024-12-06 16:32:01,761 - INFO - Пользователь 1274648135 ответил на вопрос, ответом 'Общаться с друзьями'
2024-12-06 16:32:01,967 - INFO - Отправлен вопрос 2 пользователю 1274648135.
2024-12-06 16:32:02,079 - WARNING - Пользователь 1274648135 отправил нераспознанную команду: Общаться с друзьями
2024-12-06 16:32:07,151 - INFO - Пользователь 1274648135 ответил на вопрос, ответом 'Забота о других'
2024-12-06 16:32:07,456 - INFO - Отправлен вопрос 3 пользователю 1274648135.
2024-12-06 16:32:15,135 - INFO - Пользователь 1274648135 ответил на вопрос, ответом 'Горы'
2024-12-06 16:32:15,419 - INFO - Отправлен вопрос 4 пользователю 1274648135.
2024-12-06 16:32:18,373 - INFO - Пользователь 1274648135 ответил на вопрос, ответом 'Общаюсь с друзьями'
2024-12-06 16:32:18,709 - INFO - Отправлен вопрос 5 пользователю 1274648135.
2024-12-06 16:32:20,094 - INFO - Пользователь 1274648135 ответил на вопрос, ответом 'Люблю пробовать все подряд'
2024-12-06 16:32:20,461 - INFO - Отправлен вопрос 6 пользователю 1274648135.
2024-12-06 16:32:22,148 - INFO - Пользователь 1274648135 ответил на вопрос, ответом 'Путешествия'
2024-12-06 16:32:22,485 - INFO - Отправлен вопрос 7 пользователю 1274648135.
2024-12-06 16:32:24,834 - INFO - Пользователь 1274648135 ответил на вопрос, ответом 'Новатор'
2024-12-06 16:32:25,091 - INFO - Отправлен вопрос 8 пользователю 1274648135.
2024-12-06 16:32:26,495 - INFO - Пользователь 1274648135 ответил на вопрос, ответом 'Семью'
2024-12-06 16:32:26,731 - INFO - Отправлен вопрос 9 пользователю 1274648135.
2024-12-06 16:32:28,744 - INFO - Пользователь 1274648135 ответил на вопрос, ответом 'Терпимость'
2024-12-06 16:32:29,081 - INFO - Отправлен вопрос 10 пользователю 1274648135.
2024-12-06 16:32:30,916 - INFO - Пользователь 1274648135 ответил на вопрос, ответом 'Харизматичный'
2024-12-06 16:32:31,904 - INFO - Пользователь 1274648135 завершил викторину с результатом: 19.
2024-12-06 16:32:34,327 - INFO - Пользователь 1274648135 инициировал диалог с администратором.
2024-12-06 16:32:48,351 - INFO - Пользователь 1274648135 отправил сообщение администратору: Рпрл
2024-12-06 16:33:05,482 - INFO - Администратор ответил пользователю 1274648135: медведь
2024-12-06 16:33:10,720 - INFO - Пользователь 1274648135 завершил диалог с администратором.
2024-12-06 16:54:02,600 - INFO - Бот успешно запущен и ожидает сообщений.
2024-12-06 16:54:10,829 - INFO - Пользователь 1274648135 начал викторину.
2024-12-06 16:54:11,025 - INFO - Отправлен вопрос 1 пользователю 1274648135.
2024-12-06 16:54:15,291 - WARNING - Пользователь 1274648135 отправил нераспознанную команду: 😍😍😄😄
2024-12-06 16:54:26,290 - WARNING - Мультимедийное сообщение проигнорировано от пользователя 1274648135.
2024-12-07 02:25:38,255 - INFO - Бот успешно запущен и ожидает сообщений.
2024-12-07 02:25:55,278 - WARNING - Мультимедийное сообщение проигнорировано от пользователя 1274648135.
2024-12-07 02:26:05,602 - WARNING - Получено сообщение без текста от пользователя 1274648135: {'message_id': 8117, 'from': {'id': 1274648135, 'is_bot': False, 'first_name': 'Катя', 'language_code': 'ru'}, 'chat': {'id': 1274648135, 'first_name': 'Катя', 'type': 'private'}, 'date': 1733502365, 'video_note': {'duration': 2, 'length': 384, 'thumbnail': {'file_id': 'AAMCAgADGQEAAh-1Z1MlnVkk9yZozI9i-J5himSflH8AArheAAJa45lK6W4r68VDuTsBAAdtAAM2BA', 'file_unique_id': 'AQADuF4AAlrjmUpy', 'file_size': 12768, 'width': 320, 'height': 320}, 'thumb': {'file_id': 'AAMCAgADGQEAAh-1Z1MlnVkk9yZozI9i-J5himSflH8AArheAAJa45lK6W4r68VDuTsBAAdtAAM2BA', 'file_unique_id': 'AQADuF4AAlrjmUpy', 'file_size': 12768, 'width': 320, 'height': 320}, 'file_id': 'DQACAgIAAxkBAAIftWdTJZ1ZJPcmaMyPYvieYYpkn5R_AAK4XgACWuOZSuluK-vFQ7k7NgQ', 'file_unique_id': 'AgADuF4AAlrjmUo', 'file_size': 131778}}
2024-12-07 21:51:41,348 - INFO - Бот успешно запущен и ожидает сообщений.
2024-12-07 21:53:06,171 - INFO - Пользователь 1274648135 начал викторину.
2024-12-07 21:53:06,428 - INFO - Отправлен вопрос 1 пользователю 1274648135.
2024-12-07 21:53:08,193 - INFO - Пользователь 1274648135 ответил на вопрос, ответом 'Гулять на природе'
2024-12-07 21:53:08,577 - INFO - Отправлен вопрос 2 пользователю 1274648135.
2024-12-07 21:53:09,439 - INFO - Пользователь 1274648135 ответил на вопрос, ответом 'Исследование нового'
2024-12-07 21:53:09,804 - INFO - Отправлен вопрос 3 пользователю 1274648135.
2024-12-07 21:53:10,809 - INFO - Пользователь 1274648135 ответил на вопрос, ответом 'Горы'
2024-12-07 21:53:11,175 - INFO - Отправлен вопрос 4 пользователю 1274648135.
2024-12-07 21:53:11,908 - INFO - Пользователь 1274648135 ответил на вопрос, ответом 'Сосредотачиваюсь на работе'
2024-12-07 21:53:12,335 - INFO - Отправлен вопрос 5 пользователю 1274648135.
2024-12-07 21:53:33,242 - INFO - Бот успешно запущен и ожидает сообщений.
2024-12-07 21:53:57,289 - INFO - Пользователь 459962389 начал викторину.
2024-12-07 21:53:57,652 - INFO - Отправлен вопрос 1 пользователю 459962389.
2024-12-07 21:54:09,455 - INFO - Пользователь 459962389 ответил на вопрос, ответом 'Гулять на природе'
2024-12-07 21:54:09,645 - INFO - Отправлен вопрос 2 пользователю 459962389.
2024-12-07 21:54:28,254 - INFO - Пользователь 459962389 ответил на вопрос, ответом 'Защита близких'
2024-12-07 21:54:28,696 - INFO - Отправлен вопрос 3 пользователю 459962389.
2024-12-07 21:54:42,261 - INFO - Пользователь 459962389 ответил на вопрос, ответом 'Дикие леса'
2024-12-07 21:54:42,548 - INFO - Отправлен вопрос 4 пользователю 459962389.
2024-12-07 21:54:49,859 - INFO - Пользователь 459962389 ответил на вопрос, ответом 'Ищу уединение'
2024-12-07 21:54:50,099 - INFO - Отправлен вопрос 5 пользователю 459962389.
2024-12-07 21:55:00,763 - INFO - Пользователь 459962389 ответил на вопрос, ответом 'Сладости и фрукты'
2024-12-07 21:55:01,065 - INFO - Отправлен вопрос 6 пользователю 459962389.
2024-12-07 21:55:10,257 - INFO - Пользователь 459962389 ответил на вопрос, ответом 'Активный отдых на природе'
2024-12-07 21:55:10,593 - INFO - Отправлен вопрос 7 пользователю 459962389.
2024-12-07 21:55:20,240 - INFO - Пользователь 459962389 ответил на вопрос, ответом 'Наблюдатель'
2024-12-07 21:55:20,528 - INFO - Отправлен вопрос 8 пользователю 459962389.
2024-12-07 21:55:26,938 - INFO - Пользователь 459962389 ответил на вопрос, ответом 'Семью'
2024-12-07 21:55:27,322 - INFO - Отправлен вопрос 9 пользователю 459962389.
2024-12-07 21:55:33,719 - INFO - Пользователь 459962389 ответил на вопрос, ответом 'Терпимость'
2024-12-07 21:55:34,102 - INFO - Отправлен вопрос 10 пользователю 459962389.
2024-12-07 21:55:44,369 - INFO - Пользователь 459962389 ответил на вопрос, ответом 'Рациональный'
2024-12-07 21:55:45,740 - INFO - Пользователь 459962389 завершил викторину с результатом: 30.
2024-12-07 22:00:34,307 - INFO - Пользователь 459962389 инициировал диалог с администратором.
2024-12-07 22:00:46,984 - INFO - Пользователь 459962389 завершил диалог с администратором.
2024-12-07 22:01:00,026 - INFO - Пользователь 459962389 запросил программу опеки.
2024-12-07 22:14:47,334 - INFO - Пользователь 1274648135 начал викторину.
2024-12-07 22:14:47,685 - INFO - Отправлен вопрос 1 пользователю 1274648135.
2024-12-07 22:14:49,218 - INFO - Пользователь 1274648135 ответил на вопрос, ответом 'Читать книгу в одиночестве'
2024-12-07 22:14:49,503 - INFO - Отправлен вопрос 2 пользователю 1274648135.
2024-12-07 22:14:51,240 - INFO - Пользователь 1274648135 ответил на вопрос, ответом 'Забота о других'
2024-12-07 22:14:51,469 - INFO - Отправлен вопрос 3 пользователю 1274648135.
2024-12-07 22:14:52,498 - INFO - Пользователь 1274648135 ответил на вопрос, ответом 'Пустыня'
2024-12-07 22:14:52,818 - INFO - Отправлен вопрос 4 пользователю 1274648135.
2024-12-07 22:14:53,868 - INFO - Пользователь 1274648135 ответил на вопрос, ответом 'Занимаюсь спортом'
2024-12-07 22:14:54,155 - INFO - Отправлен вопрос 5 пользователю 1274648135.
2024-12-07 22:14:55,399 - INFO - Пользователь 1274648135 ответил на вопрос, ответом 'Сладости и фрукты'
2024-12-07 22:14:55,687 - INFO - Отправлен вопрос 6 пользователю 1274648135.
2024-12-07 22:14:57,249 - INFO - Пользователь 1274648135 ответил на вопрос, ответом 'Путешествия'
2024-12-07 22:14:57,537 - INFO - Отправлен вопрос 7 пользователю 1274648135.
2024-12-07 22:14:58,845 - INFO - Пользователь 1274648135 ответил на вопрос, ответом 'Лидер'
2024-12-07 22:14:59,103 - INFO - Отправлен вопрос 8 пользователю 1274648135.
2024-12-07 22:15:00,596 - INFO - Пользователь 1274648135 ответил на вопрос, ответом 'Верность'
2024-12-07 22:15:00,862 - INFO - Отправлен вопрос 9 пользователю 1274648135.
2024-12-07 22:15:02,470 - INFO - Пользователь 1274648135 ответил на вопрос, ответом 'Любознательность'
2024-12-07 22:15:02,759 - INFO - Отправлен вопрос 10 пользователю 1274648135.
2024-12-07 22:15:04,306 - INFO - Пользователь 1274648135 ответил на вопрос, ответом 'Харизматичный'
2024-12-07 22:15:06,465 - INFO - Пользователь 1274648135 завершил викторину с результатом: 25.
2024-12-07 22:15:09,006 - INFO - Пользователь 1274648135 инициировал диалог с администратором.
2024-12-07 22:15:25,671 - INFO - Пользователь 1274648135 отправил сообщение администратору: Что сейчас будет?
2024-12-07 22:15:49,309 - INFO - Пользователь 1274648135 отправил сообщение администратору: Завершу
2024-12-07 22:15:59,373 - INFO - Пользователь 1274648135 отправил сообщение администратору: Ррро
2024-12-07 22:16:05,325 - INFO - Пользователь 1274648135 завершил диалог с администратором.
2024-12-07 22:16:09,418 - INFO - Пользователь 1274648135 запросил программу опеки.
2024-12-07 22:31:27,980 - INFO - Бот успешно запущен и ожидает сообщений.
